<html>
<head>
<title>TestNG:  Default test</title>
<link href="../testng.css" rel="stylesheet" type="text/css" />
<link href="../my-testng.css" rel="stylesheet" type="text/css" />

<style type="text/css">
.log { display: none;} 
.stack-trace { display: none;} 
</style>
<script type="text/javascript">
<!--
function flip(e) {
  current = e.style.display;
  if (current == 'block') {
    e.style.display = 'none';
    return 0;
  }
  else {
    e.style.display = 'block';
    return 1;
  }
}

function toggleBox(szDivId, elem, msg1, msg2)
{
  var res = -1;  if (document.getElementById) {
    res = flip(document.getElementById(szDivId));
  }
  else if (document.all) {
    // this is the way old msie versions work
    res = flip(document.all[szDivId]);
  }
  if(elem) {
    if(res == 0) elem.innerHTML = msg1; else elem.innerHTML = msg2;
  }

}

function toggleAllBoxes() {
  if (document.getElementsByTagName) {
    d = document.getElementsByTagName('div');
    for (i = 0; i < d.length; i++) {
      if (d[i].className == 'log') {
        flip(d[i]);
      }
    }
  }
}

// -->
</script>

</head>
<body>
<h2 align='center'>Default test</h2><table border='1' align="center">
<tr>
<td>Tests passed/Failed/Skipped:</td><td>1/13/0</td>
</tr><tr>
<td>Started on:</td><td>Thu Dec 07 16:08:15 IST 2017</td>
</tr>
<tr><td>Total time:</td><td>255 seconds (255440 ms)</td>
</tr><tr>
<td>Included groups:</td><td></td>
</tr><tr>
<td>Excluded groups:</td><td></td>
</tr>
</table><p/>
<small><i>(Hover the method name to see the test class name)</i></small><p/>
<table width='100%' border='1' class='invocation-failed'>
<tr><td colspan='4' align='center'><b>FAILED TESTS</b></td></tr>
<tr><td><b>Test method</b></td>
<td width="30%"><b>Exception</b></td>
<td width="10%"><b>Time (seconds)</b></td>
<td><b>Instance</b></td>
</tr>
<tr>
<td title='digs_Smoke_Test_Cases.Advanced_Search.advancedSearch()'><b>advancedSearch</b><br>Test class: digs_Smoke_Test_Cases.Advanced_Search<br>Parameters: amudans, http://digs-uat.umusic.net/, Uncut, Video<br/>
<a href="#Output-107812472" onClick='toggleBox("Output-107812472", this, "Show output", "Hide output");'>Show output</a>

<a href="#Output-107812472" onClick="toggleAllBoxes();">Show all outputs</a>
<div class='log' id="Output-107812472">
STEP28<br/>
</div>
</td>
<td><div><pre>[ATU Custom Reporter Step Failed Exception]
	at atu.testng.reports.ATUReports.stepFailureHandler(Unknown Source)
	at atu.testng.reports.ATUReports.add(Unknown Source)
	at digs_Smoke_Test_Cases.Wrapper.launchBrowser(Wrapper.java:117)
	at digs_Smoke_Test_Cases.Advanced_Search.advancedSearch(Advanced_Search.java:19)
	at java.util.concurrent.ThreadPoolExecutor.runWorker(ThreadPoolExecutor.java:1142)
	at java.util.concurrent.ThreadPoolExecutor$Worker.run(ThreadPoolExecutor.java:617)
	at java.lang.Thread.run(Thread.java:745)
... Removed 10 stack frames</pre></div><a href='#' onClick='toggleBox("stack-trace107812472", this, "Click to show all stack frames", "Click to hide stack frames")'>Click to show all stack frames</a>
<div class='stack-trace' id='stack-trace107812472'><pre>[ATU Custom Reporter Step Failed Exception]
	at atu.testng.reports.ATUReports.stepFailureHandler(Unknown Source)
	at atu.testng.reports.ATUReports.add(Unknown Source)
	at digs_Smoke_Test_Cases.Wrapper.launchBrowser(Wrapper.java:117)
	at digs_Smoke_Test_Cases.Advanced_Search.advancedSearch(Advanced_Search.java:19)
	at sun.reflect.NativeMethodAccessorImpl.invoke0(Native Method)
	at sun.reflect.NativeMethodAccessorImpl.invoke(NativeMethodAccessorImpl.java:62)
	at sun.reflect.DelegatingMethodAccessorImpl.invoke(DelegatingMethodAccessorImpl.java:43)
	at java.lang.reflect.Method.invoke(Method.java:498)
	at org.testng.internal.MethodInvocationHelper.invokeMethod(MethodInvocationHelper.java:85)
	at org.testng.internal.Invoker.invokeMethod(Invoker.java:639)
	at org.testng.internal.Invoker.invokeTestMethod(Invoker.java:816)
	at org.testng.internal.Invoker.invokeTestMethods(Invoker.java:1124)
	at org.testng.internal.TestMethodWorker.invokeTestMethods(TestMethodWorker.java:125)
	at org.testng.internal.TestMethodWorker.run(TestMethodWorker.java:108)
	at java.util.concurrent.ThreadPoolExecutor.runWorker(ThreadPoolExecutor.java:1142)
	at java.util.concurrent.ThreadPoolExecutor$Worker.run(ThreadPoolExecutor.java:617)
	at java.lang.Thread.run(Thread.java:745)
</pre></div></td>
<td>0</td>
<td>digs_Smoke_Test_Cases.Advanced_Search@5cb9f472</td></tr>
<tr>
<td title='digs_Smoke_Test_Cases.Automatic_OptOut.automaticOptOut()'><b>automaticOptOut</b><br>Test class: digs_Smoke_Test_Cases.Automatic_OptOut<br>Parameters: amudans, http://digs-uat.umusic.net/, VIEW / EDIT AUTOMATIC OPT-OUTS<br/>
<a href="#Output-421610568" onClick='toggleBox("Output-421610568", this, "Show output", "Hide output");'>Show output</a>

<a href="#Output-421610568" onClick="toggleAllBoxes();">Show all outputs</a>
<div class='log' id="Output-421610568">
STEP15<br/>
STEP19<br/>
STEP22<br/>
STEP29<br/>
</div>
</td>
<td><div><pre>[ATU Custom Reporter Step Failed Exception]
	at atu.testng.reports.ATUReports.stepFailureHandler(Unknown Source)
	at atu.testng.reports.ATUReports.add(Unknown Source)
	at digs_Smoke_Test_Cases.Wrapper.clickById(Wrapper.java:344)
	at digs_Smoke_Test_Cases.Automatic_OptOut.automaticOptOut(Automatic_OptOut.java:30)
	at java.util.concurrent.ThreadPoolExecutor.runWorker(ThreadPoolExecutor.java:1142)
	at java.util.concurrent.ThreadPoolExecutor$Worker.run(ThreadPoolExecutor.java:617)
	at java.lang.Thread.run(Thread.java:745)
... Removed 10 stack frames</pre></div><a href='#' onClick='toggleBox("stack-trace421610568", this, "Click to show all stack frames", "Click to hide stack frames")'>Click to show all stack frames</a>
<div class='stack-trace' id='stack-trace421610568'><pre>[ATU Custom Reporter Step Failed Exception]
	at atu.testng.reports.ATUReports.stepFailureHandler(Unknown Source)
	at atu.testng.reports.ATUReports.add(Unknown Source)
	at digs_Smoke_Test_Cases.Wrapper.clickById(Wrapper.java:344)
	at digs_Smoke_Test_Cases.Automatic_OptOut.automaticOptOut(Automatic_OptOut.java:30)
	at sun.reflect.NativeMethodAccessorImpl.invoke0(Native Method)
	at sun.reflect.NativeMethodAccessorImpl.invoke(NativeMethodAccessorImpl.java:62)
	at sun.reflect.DelegatingMethodAccessorImpl.invoke(DelegatingMethodAccessorImpl.java:43)
	at java.lang.reflect.Method.invoke(Method.java:498)
	at org.testng.internal.MethodInvocationHelper.invokeMethod(MethodInvocationHelper.java:85)
	at org.testng.internal.Invoker.invokeMethod(Invoker.java:639)
	at org.testng.internal.Invoker.invokeTestMethod(Invoker.java:816)
	at org.testng.internal.Invoker.invokeTestMethods(Invoker.java:1124)
	at org.testng.internal.TestMethodWorker.invokeTestMethods(TestMethodWorker.java:125)
	at org.testng.internal.TestMethodWorker.run(TestMethodWorker.java:108)
	at java.util.concurrent.ThreadPoolExecutor.runWorker(ThreadPoolExecutor.java:1142)
	at java.util.concurrent.ThreadPoolExecutor$Worker.run(ThreadPoolExecutor.java:617)
	at java.lang.Thread.run(Thread.java:745)
</pre></div></td>
<td>155</td>
<td>digs_Smoke_Test_Cases.Automatic_OptOut@56ac3a89</td></tr>
<tr>
<td title='digs_Smoke_Test_Cases.CDL_Mappings.cdlMappings()'><b>cdlMappings</b><br>Test class: digs_Smoke_Test_Cases.CDL_Mappings</td>
<td><div><pre>org.testng.TestNGException: 
The data provider is trying to pass 2 parameters but the method digs_Smoke_Test_Cases.CDL_Mappings#cdlMappings takes 3 and TestNG is unable in inject a suitable object
	at java.util.concurrent.ThreadPoolExecutor.runWorker(ThreadPoolExecutor.java:1142)
	at java.util.concurrent.ThreadPoolExecutor$Worker.run(ThreadPoolExecutor.java:617)
	at java.lang.Thread.run(Thread.java:745)
Caused by: java.lang.ArrayIndexOutOfBoundsException: 2
	... 6 more
... Removed 5 stack frames</pre></div><a href='#' onClick='toggleBox("stack-trace1296894723", this, "Click to show all stack frames", "Click to hide stack frames")'>Click to show all stack frames</a>
<div class='stack-trace' id='stack-trace1296894723'><pre>org.testng.TestNGException: 
The data provider is trying to pass 2 parameters but the method digs_Smoke_Test_