<?xml version="1.0" encoding="UTF-8"?>
<!-- Generated by org.testng.reporters.JUnitReportReporter -->
<testsuite hostname="AGLS-LT-32" name="digs_Smoke_Test_Cases.User_Profile_Change_Basic_Preferences" tests="1" failures="0" timestamp="7 Dec 2017 10:42:33 GMT" time="1.067" errors="1">
  <testcase name="userProfileChangeBasicPreferences" time="1.067" classname="digs_Smoke_Test_Cases.User_Profile_Change_Basic_Preferences">
    <error type="org.testng.TestNGException" message="
The data provider is trying to pass 4 parameters but the method digs_Smoke_Test_Cases.User_Profile_Change_Basic_Preferences#userProfileChangeBasicPreferences takes 6 and TestNG is unable in inject a suitable object">
      <![CDATA[org.testng.TestNGException: 
The data provider is trying to pass 4 parameters but the method digs_Smoke_Test_Cases.User_Profile_Change_Basic_Preferences#userProfileChangeBasicPreferences takes 6 and TestNG is unable in inject a suitable object
	at org.testng.internal.Invoker.injectParameters(Invoker.java:1249)
	at org.testng.internal.Invoker.invokeTestMethods(Invoker.java:1118)
	at org.testng.internal.TestMethodWorker.invokeTestMethods(TestMethodWorker.java:125)
	at org.testng.internal.TestMethodWorker.run(TestMethodWorker.java:108)
	at java.util.concurrent.ThreadPoolExecutor.runWorker(ThreadPoolExecutor.java:1142)
	at java.util.concurrent.ThreadPoolExecutor$Worker.run(ThreadPoolExecutor.java:617)
	at java.lang.Thread.run(Thread.java:745)
Caused by: java.lang.ArrayIndexOutOfBoundsException: 4
	at org.testng.internal.Invoker.injectParameters(Invoker.java:1245)
	... 6 more
]]>
    </error>
  </testcase> <!-- userProfileChangeBasicPreferences -->
</testsuite> <!-- digs_Smoke_Test_Cases.User_Profile_Change_Basic_Preferences -->
